{"$message_type":"diagnostic","message":"unused import: `AtomicFloat`","code":{"code":"unused_imports","explanation":null},"level":"warning","spans":[{"file_name":"crates/shnn-lockfree/tests/lockfree_tests.rs","byte_start":258,"byte_end":269,"line_start":8,"line_end":8,"column_start":14,"column_end":25,"is_primary":true,"text":[{"text":"    atomic::{AtomicFloat, AtomicCounter, AtomicFlag},","highlight_start":14,"highlight_end":25}],"label":null,"suggested_replacement":null,"suggestion_applicability":null,"expansion":null}],"children":[{"message":"`#[warn(unused_imports)]` (part of `#[warn(unused)]`) on by default","code":null,"level":"note","spans":[],"children":[],"rendered":null},{"message":"remove the unused import","code":null,"level":"help","spans":[{"file_name":"crates/shnn-lockfree/tests/lockfree_tests.rs","byte_start":258,"byte_end":271,"line_start":8,"line_end":8,"column_start":14,"column_end":27,"is_primary":true,"text":[{"text":"    atomic::{AtomicFloat, AtomicCounter, AtomicFlag},","highlight_start":14,"highlight_end":27}],"label":null,"suggested_replacement":"","suggestion_applicability":"MachineApplicable","expansion":null}],"children":[],"rendered":null}],"rendered":"\u001b[1m\u001b[33mwarning\u001b[0m\u001b[1m: unused import: `AtomicFloat`\u001b[0m\n \u001b[1m\u001b[94m--> \u001b[0mcrates/shnn-lockfree/tests/lockfree_tests.rs:8:14\n  \u001b[1m\u001b[94m|\u001b[0m\n\u001b[1m\u001b[94m8\u001b[0m \u001b[1m\u001b[94m|\u001b[0m     atomic::{AtomicFloat, AtomicCounter, AtomicFlag},\n  \u001b[1m\u001b[94m|\u001b[0m              \u001b[1m\u001b[33m^^^^^^^^^^^\u001b[0m\n  \u001b[1m\u001b[94m|\u001b[0m\n  \u001b[1m\u001b[94m= \u001b[0m\u001b[1mnote\u001b[0m: `#[warn(unused_imports)]` (part of `#[warn(unused)]`) on by default\n\n"}
{"$message_type":"diagnostic","message":"mismatched types","code":{"code":"E0308","explanation":"Expected type did not match the received type.\n\nErroneous code examples:\n\n```compile_fail,E0308\nfn plus_one(x: i32) -> i32 {\n    x + 1\n}\n\nplus_one(\"Not a number\");\n//       ^^^^^^^^^^^^^^ expected `i32`, found `&str`\n\nif \"Not a bool\" {\n// ^^^^^^^^^^^^ expected `bool`, found `&str`\n}\n\nlet x: f32 = \"Not a float\";\n//     ---   ^^^^^^^^^^^^^ expected `f32`, found `&str`\n//     |\n//     expected due to this\n```\n\nThis error occurs when an expression was used in a place where the compiler\nexpected an expression of a different type. It can occur in several cases, the\nmost common being when calling a function and passing an argument which has a\ndifferent type than the matching type in the function declaration.\n"},"level":"error","spans":[{"file_name":"crates/shnn-lockfree/tests/lockfree_tests.rs","byte_start":6234,"byte_end":6240,"line_start":214,"line_end":214,"column_start":26,"column_end":32,"is_primary":true,"text":[{"text":"            handles.push(handle);","highlight_start":26,"highlight_end":32}],"label":"expected `JoinHandle<()>`, found `JoinHandle<{integer}>`","suggested_replacement":null,"suggestion_applicability":null,"expansion":null},{"file_name":"crates/shnn-lockfree/tests/lockfree_tests.rs","byte_start":6229,"byte_end":6233,"line_start":214,"line_end":214,"column_start":21,"column_end":25,"is_primary":false,"text":[{"text":"            handles.push(handle);","highlight_start":21,"highlight_end":25}],"label":"arguments to this method are incorrect","suggested_replacement":null,"suggestion_applicability":null,"expansion":null},{"file_name":"crates/shnn-lockfree/tests/lockfree_tests.rs","byte_start":5686,"byte_end":5692,"line_start":199,"line_end":199,"column_start":26,"column_end":32,"is_primary":false,"text":[{"text":"            handles.push(handle);","highlight_start":26,"highlight_end":32}],"label":"this argument has type `JoinHandle<()>`...","suggested_replacement":null,"suggestion_applicability":null,"expansion":null},{"file_name":"crates/shnn-lockfree/tests/lockfree_tests.rs","byte_start":5673,"byte_end":5680,"line_start":199,"line_end":199,"column_start":13,"column_end":20,"is_primary":false,"text":[{"text":"            handles.push(handle);","highlight_start":13,"highlight_end":20}],"label":"... which causes `handles` to have type `Vec<JoinHandle<()>>`","suggested_replacement":null,"suggestion_applicability":null,"expansion":null}],"children":[{"message":"expected struct `JoinHandle<()>`\n   found struct `JoinHandle<{integer}>`","code":null,"level":"note","spans":[],"children":[],"rendered":null},{"message":"method defined here","code":null,"level":"note","spans":[{"file_name":"/rustc/d940e56841ddcc05671ead99290e35ff2e98369f/library/alloc/src/vec/mod.rs","byte_start":37579,"byte_end":37583,"line_start":993,"line_end":993,"column_start":12,"column_end":16,"is_primary":true,"text":[],"label":null,"suggested_replacement":null,"suggestion_applicability":null,"expansion":null}],"children":[],"rendered":null}],"rendered":"\u001b[1m\u001b[91merror[E0308]\u001b[0m\u001b[1m: mismatched types\u001b[0m\n   \u001b[1m\u001b[94m--> \u001b[0mcrates/shnn-lockfree/tests/lockfree_tests.rs:214:26\n    \u001b[1m\u001b[94m|\u001b[0m\n\u001b[1m\u001b[94m199\u001b[0m \u001b[1m\u001b[94m|\u001b[0m             handles.push(handle);\n    \u001b[1m\u001b[94m|\u001b[0m             \u001b[1m\u001b[94m-------\u001b[0m      \u001b[1m\u001b[94m------\u001b[0m \u001b[1m\u001b[94mthis argument has type `JoinHandle<()>`...\u001b[0m\n    \u001b[1m\u001b[94m|\u001b[0m             \u001b[1m\u001b[94m|\u001b[0m\n    \u001b[1m\u001b[94m|\u001b[0m             \u001b[1m\u001b[94m... which causes `handles` to have type `Vec<JoinHandle<()>>`\u001b[0m\n\u001b[1m\u001b[94m...\u001b[0m\n\u001b[1m\u001b[94m214\u001b[0m \u001b[1m\u001b[94m|\u001b[0m             handles.push(handle);\n    \u001b[1m\u001b[94m|\u001b[0m                     \u001b[1m\u001b[94m----\u001b[0m \u001b[1m\u001b[91m^^^^^^\u001b[0m \u001b[1m\u001b[91mexpected `JoinHandle<()>`, found `JoinHandle<{integer}>`\u001b[0m\n    \u001b[1m\u001b[94m|\u001b[0m                     \u001b[1m\u001b[94m|\u001b[0m\n    \u001b[1m\u001b[94m|\u001b[0m                     \u001b[1m\u001b[94marguments to this method are incorrect\u001b[0m\n    \u001b[1m\u001b[94m|\u001b[0m\n    \u001b[1m\u001b[94m= \u001b[0m\u001b[1mnote\u001b[0m: expected struct `JoinHandle<\u001b[1m\u001b[35m()\u001b[0m>`\n               found struct `JoinHandle<\u001b[1m\u001b[35m{integer}\u001b[0m>`\n\u001b[1m\u001b[92mnote\u001b[0m: method defined here\n   \u001b[1m\u001b[94m--> \u001b[0m/rustc/d940e56841ddcc05671ead99290e35ff2e98369f/library/alloc/src/vec/mod.rs:993:11\n\n"}
{"$message_type":"diagnostic","message":"no method named `downcast` found for unit type `()` in the current scope","code":{"code":"E0599","explanation":"This error occurs when a method is used on a type which doesn't implement it:\n\nErroneous code example:\n\n```compile_fail,E0599\nstruct Mouth;\n\nlet x = Mouth;\nx.chocolate(); // error: no method named `chocolate` found for type `Mouth`\n               //        in the current scope\n```\n\nIn this case, you need to implement the `chocolate` method to fix the error:\n\n```\nstruct Mouth;\n\nimpl Mouth {\n    fn chocolate(&self) { // We implement the `chocolate` method here.\n        println!(\"Hmmm! I love chocolate!\");\n    }\n}\n\nlet x = Mouth;\nx.chocolate(); // ok!\n```\n"},"level":"error","spans":[{"file_name":"crates/shnn-lockfree/tests/lockfree_tests.rs","byte_start":6453,"byte_end":6461,"line_start":222,"line_end":222,"column_start":39,"column_end":47,"is_primary":true,"text":[{"text":"            if let Ok(count) = result.downcast::<usize>() {","highlight_start":39,"highlight_end":47}],"label":"method not found in `()`","suggested_replacement":null,"suggestion_applicability":null,"expansion":null}],"children":[],"rendered":"\u001b[1m\u001b[91merror[E0599]\u001b[0m\u001b[1m: no method named `downcast` found for unit type `()` in the current scope\u001b[0m\n   \u001b[1m\u001b[94m--> \u001b[0mcrates/shnn-lockfree/tests/lockfree_tests.rs:222:39\n    \u001b[1m\u001b[94m|\u001b[0m\n\u001b[1m\u001b[94m222\u001b[0m \u001b[1m\u001b[94m|\u001b[0m             if let Ok(count) = result.downcast::<usize>() {\n    \u001b[1m\u001b[94m|\u001b[0m                                       \u001b[1m\u001b[91m^^^^^^^^\u001b[0m \u001b[1m\u001b[91mmethod not found in `()`\u001b[0m\n\n"}
{"$message_type":"diagnostic","message":"this method takes 0 arguments but 1 argument was supplied","code":{"code":"E0061","explanation":"An invalid number of arguments was passed when calling a function.\n\nErroneous code example:\n\n```compile_fail,E0061\nfn f(u: i32) {}\n\nf(); // error!\n```\n\nThe number of arguments passed to a function must match the number of arguments\nspecified in the function signature.\n\nFor example, a function like:\n\n```\nfn f(a: u16, b: &str) {}\n```\n\nMust always be called with exactly two arguments, e.g., `f(2, \"test\")`.\n\nNote that Rust does not have a notion of optional function arguments or\nvariadic functions (except for its C-FFI).\n"},"level":"error","spans":[{"file_name":"crates/shnn-lockfree/tests/lockfree_tests.rs","byte_start":7027,"byte_end":7056,"line_start":245,"line_end":245,"column_start":39,"column_end":68,"is_primary":false,"text":[{"text":"    let old_value = counter.increment(MemoryOrdering::SeqCst.into());","highlight_start":39,"highlight_end":68}],"label":"unexpected argument","suggested_replacement":null,"suggestion_applicability":null,"expansion":null},{"file_name":"crates/shnn-lockfree/tests/lockfree_tests.rs","byte_start":7017,"byte_end":7026,"line_start":245,"line_end":245,"column_start":29,"column_end":38,"is_primary":true,"text":[{"text":"    let old_value = counter.increment(MemoryOrdering::SeqCst.into());","highlight_start":29,"highlight_end":38}],"label":null,"suggested_replacement":null,"suggestion_applicability":null,"expansion":null}],"children":[{"message":"method defined here","code":null,"level":"note","spans":[{"file_name":"crates/shnn-lockfree/src/atomic.rs","byte_start":3809,"byte_end":3818,"line_start":123,"line_end":123,"column_start":12,"column_end":21,"is_primary":true,"text":[{"text":"    pub fn increment(&self) -> usize {","highlight_start":12,"highlight_end":21}],"label":null,"suggested_replacement":null,"suggestion_applicability":null,"expansion":null}],"children":[],"rendered":null},{"message":"remove the extra argument","code":null,"level":"help","spans":[{"file_name":"crates/shnn-lockfree/tests/lockfree_tests.rs","byte_start":7027,"byte_end":7056,"line_start":245,"line_end":245,"column_start":39,"column_end":68,"is_primary":true,"text":[{"text":"    let old_value = counter.increment(MemoryOrdering::SeqCst.into());","highlight_start":39,"highlight_end":68}],"label":null,"suggested_replacement":"","suggestion_applicability":"HasPlaceholders","expansion":null}],"children":[],"rendered":null}],"rendered":"\u001b[1m\u001b[91merror[E0061]\u001b[0m\u001b[1m: this method takes 0 arguments but 1 argument was supplied\u001b[0m\n   \u001b[1m\u001b[94m--> \u001b[0mcrates/shnn-lockfree/tests/lockfree_tests.rs:245:29\n    \u001b[1m\u001b[94m|\u001b[0m\n\u001b[1m\u001b[94m245\u001b[0m \u001b[1m\u001b[94m|\u001b[0m \u001b[1m\u001b[94m...\u001b[0mnter.increment(MemoryOrdering::SeqCst.into());\n    \u001b[1m\u001b[94m|\u001b[0m         \u001b[1m\u001b[91m^^^^^^^^^\u001b[0m \u001b[1m\u001b[94m-----------------------------\u001b[0m \u001b[1m\u001b[94munexpected argument\u001b[0m\n    \u001b[1m\u001b[94m|\u001b[0m\n\u001b[1m\u001b[92mnote\u001b[0m: method defined here\n   \u001b[1m\u001b[94m--> \u001b[0mcrates/shnn-lockfree/src/atomic.rs:123:12\n    \u001b[1m\u001b[94m|\u001b[0m\n\u001b[1m\u001b[94m123\u001b[0m \u001b[1m\u001b[94m|\u001b[0m     pub fn increment(&self) -> usize {\n    \u001b[1m\u001b[94m|\u001b[0m            \u001b[1m\u001b[92m^^^^^^^^^\u001b[0m\n\u001b[1m\u001b[96mhelp\u001b[0m: remove the extra argument\n    \u001b[1m\u001b[94m|\u001b[0m\n\u001b[1m\u001b[94m245\u001b[0m \u001b[91m- \u001b[0m    let old_value = counter.increment(\u001b[91mMemoryOrdering::SeqCst.into()\u001b[0m);\n\u001b[1m\u001b[94m245\u001b[0m \u001b[92m+ \u001b[0m    let old_value = counter.increment();\n    \u001b[1m\u001b[94m|\u001b[0m\n\n"}
{"$message_type":"diagnostic","message":"no method named `compare_exchange` found for struct `AtomicFlag` in the current scope","code":{"code":"E0599","explanation":"This error occurs when a method is used on a type which doesn't implement it:\n\nErroneous code example:\n\n```compile_fail,E0599\nstruct Mouth;\n\nlet x = Mouth;\nx.chocolate(); // error: no method named `chocolate` found for type `Mouth`\n               //        in the current scope\n```\n\nIn this case, you need to implement the `chocolate` method to fix the error:\n\n```\nstruct Mouth;\n\nimpl Mouth {\n    fn chocolate(&self) { // We implement the `chocolate` method here.\n        println!(\"Hmmm! I love chocolate!\");\n    }\n}\n\nlet x = Mouth;\nx.chocolate(); // ok!\n```\n"},"level":"error","spans":[{"file_name":"crates/shnn-lockfree/tests/lockfree_tests.rs","byte_start":7516,"byte_end":7521,"line_start":263,"line_end":263,"column_start":18,"column_end":23,"is_primary":false,"text":[{"text":"    let result = flag.compare_exchange(","highlight_start":18,"highlight_end":23}],"label":"","suggested_replacement":null,"suggestion_applicability":null,"expansion":null},{"file_name":"crates/shnn-lockfree/tests/lockfree_tests.rs","byte_start":7521,"byte_end":7537,"line_start":263,"line_end":263,"column_start":23,"column_end":39,"is_primary":true,"text":[{"text":"    let result = flag.compare_exchange(","highlight_start":23,"highlight_end":39}],"label":"method not found in `AtomicFlag`","suggested_replacement":null,"suggestion_applicability":null,"expansion":null}],"children":[],"rendered":"\u001b[1m\u001b[91merror[E0599]\u001b[0m\u001b[1m: no method named `compare_exchange` found for struct `AtomicFlag` in the current scope\u001b[0m\n   \u001b[1m\u001b[94m--> \u001b[0mcrates/shnn-lockfree/tests/lockfree_tests.rs:263:23\n    \u001b[1m\u001b[94m|\u001b[0m\n\u001b[1m\u001b[94m263\u001b[0m \u001b[1m\u001b[94m|\u001b[0m     let result = flag.compare_exchange(\n    \u001b[1m\u001b[94m|\u001b[0m                  \u001b[1m\u001b[94m-----\u001b[0m\u001b[1m\u001b[91m^^^^^^^^^^^^^^^^\u001b[0m \u001b[1m\u001b[91mmethod not found in `AtomicFlag`\u001b[0m\n\n"}
{"$message_type":"diagnostic","message":"type annotations needed for `MPSCQueue<_>`","code":{"code":"E0282","explanation":"The compiler could not infer a type and asked for a type annotation.\n\nErroneous code example:\n\n```compile_fail,E0282\nlet x = Vec::new();\n```\n\nThis error indicates that type inference did not result in one unique possible\ntype, and extra information is required. In most cases this can be provided\nby adding a type annotation. Sometimes you need to specify a generic type\nparameter manually.\n\nIn the example above, type `Vec` has a type parameter `T`. When calling\n`Vec::new`, barring any other later usage of the variable `x` that allows the\ncompiler to infer what type `T` is, the compiler needs to be told what it is.\n\nThe type can be specified on the variable:\n\n```\nlet x: Vec<i32> = Vec::new();\n```\n\nThe type can also be specified in the path of the expression:\n\n```\nlet x = Vec::<i32>::new();\n```\n\nIn cases with more complex types, it is not necessary to annotate the full\ntype. Once the ambiguity is resolved, the compiler can infer the rest:\n\n```\nlet x: Vec<_> = \"hello\".chars().rev().collect();\n```\n\nAnother way to provide the compiler with enough information, is to specify the\ngeneric type parameter:\n\n```\nlet x = \"hello\".chars().rev().collect::<Vec<char>>();\n```\n\nAgain, you need not specify the full type if the compiler can infer it:\n\n```\nlet x = \"hello\".chars().rev().collect::<Vec<_>>();\n```\n\nApart from a method or function with a generic type parameter, this error can\noccur when a type parameter of a struct or trait cannot be inferred. In that\ncase it is not always possible to use a type annotation, because all candidates\nhave the same return type. For instance:\n\n```compile_fail,E0282\nstruct Foo<T> {\n    num: T,\n}\n\nimpl<T> Foo<T> {\n    fn bar() -> i32 {\n        0\n    }\n\n    fn baz() {\n        let number = Foo::bar();\n    }\n}\n```\n\nThis will fail because the compiler does not know which instance of `Foo` to\ncall `bar` on. Change `Foo::bar()` to `Foo::<T>::bar()` to resolve the error.\n"},"level":"error","spans":[{"file_name":"crates/shnn-lockfree/tests/lockfree_tests.rs","byte_start":14026,"byte_end":14043,"line_start":510,"line_end":510,"column_start":13,"column_end":30,"is_primary":false,"text":[{"text":"    assert!(empty_queue.pop().is_err());","highlight_start":13,"highlight_end":30}],"label":"type must be known at this point","suggested_replacement":null,"suggestion_applicability":null,"expansion":null},{"file_name":"crates/shnn-lockfree/tests/lockfree_tests.rs","byte_start":13982,"byte_end":13993,"line_start":509,"line_end":509,"column_start":9,"column_end":20,"is_primary":true,"text":[{"text":"    let empty_queue = MPSCQueue::new();","highlight_start":9,"highlight_end":20}],"label":null,"suggested_replacement":null,"suggestion_applicability":null,"expansion":null}],"children":[{"message":"consider giving `empty_queue` an explicit type, where the type for type parameter `T` is specified","code":null,"level":"help","spans":[{"file_name":"crates/shnn-lockfree/tests/lockfree_tests.rs","byte_start":13993,"byte_end":13993,"line_start":509,"line_end":509,"column_start":20,"column_end":20,"is_primary":true,"text":[{"text":"    let empty_queue = MPSCQueue::new();","highlight_start":20,"highlight_end":20}],"label":null,"suggested_replacement":": MPSCQueue<T>","suggestion_applicability":"HasPlaceholders","expansion":null}],"children":[],"rendered":null}],"rendered":"\u001b[1m\u001b[91merror[E0282]\u001b[0m\u001b[1m: type annotations needed for `MPSCQueue<_>`\u001b[0m\n   \u001b[1m\u001b[94m--> \u001b[0mcrates/shnn-lockfree/tests/lockfree_tests.rs:509:9\n    \u001b[1m\u001b[94m|\u001b[0m\n\u001b[1m\u001b[94m509\u001b[0m \u001b[1m\u001b[94m|\u001b[0m     let empty_queue = MPSCQueue::new();\n    \u001b[1m\u001b[94m|\u001b[0m         \u001b[1m\u001b[91m^^^^^^^^^^^\u001b[0m\n\u001b[1m\u001b[94m510\u001b[0m \u001b[1m\u001b[94m|\u001b[0m     assert!(empty_queue.pop().is_err());\n    \u001b[1m\u001b[94m|\u001b[0m             \u001b[1m\u001b[94m-----------------\u001b[0m \u001b[1m\u001b[94mtype must be known at this point\u001b[0m\n    \u001b[1m\u001b[94m|\u001b[0m\n\u001b[1m\u001b[96mhelp\u001b[0m: consider giving `empty_queue` an explicit type, where the type for type parameter `T` is specified\n    \u001b[1m\u001b[94m|\u001b[0m\n\u001b[1m\u001b[94m509\u001b[0m \u001b[1m\u001b[94m| \u001b[0m    let empty_queue\u001b[92m: MPSCQueue<T>\u001b[0m = MPSCQueue::new();\n    \u001b[1m\u001b[94m|\u001b[0m                    \u001b[92m++++++++++++++\u001b[0m\n\n"}
{"$message_type":"diagnostic","message":"aborting due to 5 previous errors; 1 warning emitted","code":null,"level":"error","spans":[],"children":[],"rendered":"\u001b[1m\u001b[91merror\u001b[0m\u001b[1m: aborting due to 5 previous errors; 1 warning emitted\u001b[0m\n\n"}
{"$message_type":"diagnostic","message":"Some errors have detailed explanations: E0061, E0282, E0308, E0599.","code":null,"level":"failure-note","spans":[],"children":[],"rendered":"\u001b[1mSome errors have detailed explanations: E0061, E0282, E0308, E0599.\u001b[0m\n"}
{"$message_type":"diagnostic","message":"For more information about an error, try `rustc --explain E0061`.","code":null,"level":"failure-note","spans":[],"children":[],"rendered":"\u001b[1mFor more information about an error, try `rustc --explain E0061`.\u001b[0m\n"}
