{"$message_type":"diagnostic","message":"unresolved import `shnn_async_runtime::scheduler::WorkStealingScheduler`","code":{"code":"E0432","explanation":"An import was unresolved.\n\nErroneous code example:\n\n```compile_fail,E0432\nuse something::Foo; // error: unresolved import `something::Foo`.\n```\n\nIn Rust 2015, paths in `use` statements are relative to the crate root. To\nimport items relative to the current and parent modules, use the `self::` and\n`super::` prefixes, respectively.\n\nIn Rust 2018 or later, paths in `use` statements are relative to the current\nmodule unless they begin with the name of a crate or a literal `crate::`, in\nwhich case they start from the crate root. As in Rust 2015 code, the `self::`\nand `super::` prefixes refer to the current and parent modules respectively.\n\nAlso verify that you didn't misspell the import name and that the import exists\nin the module from where you tried to import it. Example:\n\n```\nuse self::something::Foo; // Ok.\n\nmod something {\n    pub struct Foo;\n}\n# fn main() {}\n```\n\nIf you tried to use a module from an external crate and are using Rust 2015,\nyou may have missed the `extern crate` declaration (which is usually placed in\nthe crate root):\n\n```edition2015\nextern crate core; // Required to use the `core` crate in Rust 2015.\n\nuse core::any;\n# fn main() {}\n```\n\nSince Rust 2018 the `extern crate` declaration is not required and\nyou can instead just `use` it:\n\n```edition2018\nuse core::any; // No extern crate required in Rust 2018.\n# fn main() {}\n```\n"},"level":"error","spans":[{"file_name":"crates/shnn-async-runtime/tests/runtime_tests.rs","byte_start":287,"byte_end":319,"line_start":8,"line_end":8,"column_start":25,"column_end":57,"is_primary":true,"text":[{"text":"    executor::Executor, scheduler::WorkStealingScheduler,","highlight_start":25,"highlight_end":57}],"label":"no `WorkStealingScheduler` in `scheduler`","suggested_replacement":null,"suggestion_applicability":null,"expansion":null}],"children":[],"rendered":"\u001b[1m\u001b[91merror[E0432]\u001b[0m\u001b[1m: unresolved import `shnn_async_runtime::scheduler::WorkStealingScheduler`\u001b[0m\n \u001b[1m\u001b[94m--> \u001b[0mcrates/shnn-async-runtime/tests/runtime_tests.rs:8:25\n  \u001b[1m\u001b[94m|\u001b[0m\n\u001b[1m\u001b[94m8\u001b[0m \u001b[1m\u001b[94m|\u001b[0m     executor::Executor, scheduler::WorkStealingScheduler,\n  \u001b[1m\u001b[94m|\u001b[0m                         \u001b[1m\u001b[91m^^^^^^^^^^^^^^^^^^^^^^^^^^^^^^^^\u001b[0m \u001b[1m\u001b[91mno `WorkStealingScheduler` in `scheduler`\u001b[0m\n\n"}
{"$message_type":"diagnostic","message":"module `scheduler` is private","code":{"code":"E0603","explanation":"A private item was used outside its scope.\n\nErroneous code example:\n\n```compile_fail,E0603\nmod foo {\n    const PRIVATE: u32 = 0x_a_bad_1dea_u32; // This const is private, so we\n                                            // can't use it outside of the\n                                            // `foo` module.\n}\n\nprintln!(\"const value: {}\", foo::PRIVATE); // error: constant `PRIVATE`\n                                                  //        is private\n```\n\nIn order to fix this error, you need to make the item public by using the `pub`\nkeyword. Example:\n\n```\nmod foo {\n    pub const PRIVATE: u32 = 0x_a_bad_1dea_u32; // We set it public by using the\n                                                // `pub` keyword.\n}\n\nprintln!(\"const value: {}\", foo::PRIVATE); // ok!\n```\n"},"level":"error","spans":[{"file_name":"crates/shnn-async-runtime/tests/runtime_tests.rs","byte_start":287,"byte_end":296,"line_start":8,"line_end":8,"column_start":25,"column_end":34,"is_primary":true,"text":[{"text":"    executor::Executor, scheduler::WorkStealingScheduler,","highlight_start":25,"highlight_end":34}],"label":"private module","suggested_replacement":null,"suggestion_applicability":null,"expansion":null}],"children":[{"message":"the module `scheduler` is defined here","code":null,"level":"note","spans":[{"file_name":"crates/shnn-async-runtime/src/lib.rs","byte_start":1659,"byte_end":1672,"line_start":66,"line_end":66,"column_start":1,"column_end":14,"is_primary":true,"text":[{"text":"mod scheduler;","highlight_start":1,"highlight_end":14}],"label":null,"suggested_replacement":null,"suggestion_applicability":null,"expansion":null}],"children":[],"rendered":null}],"rendered":"\u001b[1m\u001b[91merror[E0603]\u001b[0m\u001b[1m: module `scheduler` is private\u001b[0m\n  \u001b[1m\u001b[94m--> \u001b[0mcrates/shnn-async-runtime/tests/runtime_tests.rs:8:25\n   \u001b[1m\u001b[94m|\u001b[0m\n\u001b[1m\u001b[94m 8\u001b[0m \u001b[1m\u001b[94m|\u001b[0m     executor::Executor, scheduler::WorkStealingScheduler,\n   \u001b[1m\u001b[94m|\u001b[0m                         \u001b[1m\u001b[91m^^^^^^^^^\u001b[0m \u001b[1m\u001b[91mprivate module\u001b[0m\n   \u001b[1m\u001b[94m|\u001b[0m\n\u001b[1m\u001b[92mnote\u001b[0m: the module `scheduler` is defined here\n  \u001b[1m\u001b[94m--> \u001b[0mcrates/shnn-async-runtime/src/lib.rs:66:1\n   \u001b[1m\u001b[94m|\u001b[0m\n\u001b[1m\u001b[94m66\u001b[0m \u001b[1m\u001b[94m|\u001b[0m mod scheduler;\n   \u001b[1m\u001b[94m|\u001b[0m \u001b[1m\u001b[92m^^^^^^^^^^^^^\u001b[0m\n\n"}
{"$message_type":"diagnostic","message":"module `lock_free` is private","code":{"code":"E0603","explanation":"A private item was used outside its scope.\n\nErroneous code example:\n\n```compile_fail,E0603\nmod foo {\n    const PRIVATE: u32 = 0x_a_bad_1dea_u32; // This const is private, so we\n                                            // can't use it outside of the\n                                            // `foo` module.\n}\n\nprintln!(\"const value: {}\", foo::PRIVATE); // error: constant `PRIVATE`\n                                                  //        is private\n```\n\nIn order to fix this error, you need to make the item public by using the `pub`\nkeyword. Example:\n\n```\nmod foo {\n    pub const PRIVATE: u32 = 0x_a_bad_1dea_u32; // We set it public by using the\n                                                // `pub` keyword.\n}\n\nprintln!(\"const value: {}\", foo::PRIVATE); // ok!\n```\n"},"level":"error","spans":[{"file_name":"crates/shnn-async-runtime/tests/runtime_tests.rs","byte_start":325,"byte_end":334,"line_start":9,"line_end":9,"column_start":5,"column_end":14,"is_primary":true,"text":[{"text":"    lock_free::SpikeEventQueue,","highlight_start":5,"highlight_end":14}],"label":"private module","suggested_replacement":null,"suggestion_applicability":null,"expansion":null}],"children":[{"message":"the module `lock_free` is defined here","code":null,"level":"note","spans":[{"file_name":"crates/shnn-async-runtime/src/lib.rs","byte_start":1644,"byte_end":1657,"line_start":65,"line_end":65,"column_start":1,"column_end":14,"is_primary":true,"text":[{"text":"mod lock_free;","highlight_start":1,"highlight_end":14}],"label":null,"suggested_replacement":null,"suggestion_applicability":null,"expansion":null}],"children":[],"rendered":null}],"rendered":"\u001b[1m\u001b[91merror[E0603]\u001b[0m\u001b[1m: module `lock_free` is private\u001b[0m\n  \u001b[1m\u001b[94m--> \u001b[0mcrates/shnn-async-runtime/tests/runtime_tests.rs:9:5\n   \u001b[1m\u001b[94m|\u001b[0m\n\u001b[1m\u001b[94m 9\u001b[0m \u001b[1m\u001b[94m|\u001b[0m     lock_free::SpikeEventQueue,\n   \u001b[1m\u001b[94m|\u001b[0m     \u001b[1m\u001b[91m^^^^^^^^^\u001b[0m \u001b[1m\u001b[91mprivate module\u001b[0m\n   \u001b[1m\u001b[94m|\u001b[0m\n\u001b[1m\u001b[92mnote\u001b[0m: the module `lock_free` is defined here\n  \u001b[1m\u001b[94m--> \u001b[0mcrates/shnn-async-runtime/src/lib.rs:65:1\n   \u001b[1m\u001b[94m|\u001b[0m\n\u001b[1m\u001b[94m65\u001b[0m \u001b[1m\u001b[94m|\u001b[0m mod lock_free;\n   \u001b[1m\u001b[94m|\u001b[0m \u001b[1m\u001b[92m^^^^^^^^^^^^^\u001b[0m\n\n"}
{"$message_type":"diagnostic","message":"unused imports: `TaskHandle` and `executor::Executor`","code":{"code":"unused_imports","explanation":null},"level":"warning","spans":[{"file_name":"crates/shnn-async-runtime/tests/runtime_tests.rs","byte_start":239,"byte_end":249,"line_start":7,"line_end":7,"column_start":32,"column_end":42,"is_primary":true,"text":[{"text":"    SHNNRuntime, TaskPriority, TaskHandle, SpikeTime, ","highlight_start":32,"highlight_end":42}],"label":null,"suggested_replacement":null,"suggestion_applicability":null,"expansion":null},{"file_name":"crates/shnn-async-runtime/tests/runtime_tests.rs","byte_start":267,"byte_end":285,"line_start":8,"line_end":8,"column_start":5,"column_end":23,"is_primary":true,"text":[{"text":"    executor::Executor, scheduler::WorkStealingScheduler,","highlight_start":5,"highlight_end":23}],"label":null,"suggested_replacement":null,"suggestion_applicability":null,"expansion":null}],"children":[{"message":"`#[warn(unused_imports)]` (part of `#[warn(unused)]`) on by default","code":null,"level":"note","spans":[],"children":[],"rendered":null},{"message":"remove the unused imports","code":null,"level":"help","spans":[{"file_name":"crates/shnn-async-runtime/tests/runtime_tests.rs","byte_start":237,"byte_end":249,"line_start":7,"line_end":7,"column_start":30,"column_end":42,"is_primary":true,"text":[{"text":"    SHNNRuntime, TaskPriority, TaskHandle, SpikeTime, ","highlight_start":30,"highlight_end":42}],"label":null,"suggested_replacement":"","suggestion_applicability":"MachineApplicable","expansion":null},{"file_name":"crates/shnn-async-runtime/tests/runtime_tests.rs","byte_start":260,"byte_end":285,"line_start":7,"line_end":8,"column_start":53,"column_end":23,"is_primary":true,"text":[{"text":"    SHNNRuntime, TaskPriority, TaskHandle, SpikeTime, ","highlight_start":53,"highlight_end":55},{"text":"    executor::Executor, scheduler::WorkStealingScheduler,","highlight_start":1,"highlight_end":23}],"label":null,"suggested_replacement":"","suggestion_applicability":"MachineApplicable","expansion":null}],"children":[],"rendered":null}],"rendered":"\u001b[1m\u001b[33mwarning\u001b[0m\u001b[1m: unused imports: `TaskHandle` and `executor::Executor`\u001b[0m\n \u001b[1m\u001b[94m--> \u001b[0mcrates/shnn-async-runtime/tests/runtime_tests.rs:7:32\n  \u001b[1m\u001b[94m|\u001b[0m\n\u001b[1m\u001b[94m7\u001b[0m \u001b[1m\u001b[94m|\u001b[0m     SHNNRuntime, TaskPriority, TaskHandle, SpikeTime, \n  \u001b[1m\u001b[94m|\u001b[0m                                \u001b[1m\u001b[33m^^^^^^^^^^\u001b[0m\n\u001b[1m\u001b[94m8\u001b[0m \u001b[1m\u001b[94m|\u001b[0m     executor::Executor, scheduler::WorkStealingScheduler,\n  \u001b[1m\u001b[94m|\u001b[0m     \u001b[1m\u001b[33m^^^^^^^^^^^^^^^^^^\u001b[0m\n  \u001b[1m\u001b[94m|\u001b[0m\n  \u001b[1m\u001b[94m= \u001b[0m\u001b[1mnote\u001b[0m: `#[warn(unused_imports)]` (part of `#[warn(unused)]`) on by default\n\n"}
{"$message_type":"diagnostic","message":"no method named `worker_count` found for struct `SHNNRuntime` in the current scope","code":{"code":"E0599","explanation":"This error occurs when a method is used on a type which doesn't implement it:\n\nErroneous code example:\n\n```compile_fail,E0599\nstruct Mouth;\n\nlet x = Mouth;\nx.chocolate(); // error: no method named `chocolate` found for type `Mouth`\n               //        in the current scope\n```\n\nIn this case, you need to implement the `chocolate` method to fix the error:\n\n```\nstruct Mouth;\n\nimpl Mouth {\n    fn chocolate(&self) { // We implement the `chocolate` method here.\n        println!(\"Hmmm! I love chocolate!\");\n    }\n}\n\nlet x = Mouth;\nx.chocolate(); // ok!\n```\n"},"level":"error","spans":[{"file_name":"crates/shnn-async-runtime/tests/runtime_tests.rs","byte_start":629,"byte_end":641,"line_start":22,"line_end":22,"column_start":24,"column_end":36,"is_primary":true,"text":[{"text":"    assert_eq!(runtime.worker_count(), 2);","highlight_start":24,"highlight_end":36}],"label":"method not found in `SHNNRuntime`","suggested_replacement":null,"suggestion_applicability":null,"expansion":null}],"children":[],"rendered":"\u001b[1m\u001b[91merror[E0599]\u001b[0m\u001b[1m: no method named `worker_count` found for struct `SHNNRuntime` in the current scope\u001b[0m\n  \u001b[1m\u001b[94m--> \u001b[0mcrates/shnn-async-runtime/tests/runtime_tests.rs:22:24\n   \u001b[1m\u001b[94m|\u001b[0m\n\u001b[1m\u001b[94m22\u001b[0m \u001b[1m\u001b[94m|\u001b[0m     assert_eq!(runtime.worker_count(), 2);\n   \u001b[1m\u001b[94m|\u001b[0m                        \u001b[1m\u001b[91m^^^^^^^^^^^^\u001b[0m \u001b[1m\u001b[91mmethod not found in `SHNNRuntime`\u001b[0m\n\n"}
{"$message_type":"diagnostic","message":"no method named `is_running` found for struct `SHNNRuntime` in the current scope","code":{"code":"E0599","explanation":"This error occurs when a method is used on a type which doesn't implement it:\n\nErroneous code example:\n\n```compile_fail,E0599\nstruct Mouth;\n\nlet x = Mouth;\nx.chocolate(); // error: no method named `chocolate` found for type `Mouth`\n               //        in the current scope\n```\n\nIn this case, you need to implement the `chocolate` method to fix the error:\n\n```\nstruct Mouth;\n\nimpl Mouth {\n    fn chocolate(&self) { // We implement the `chocolate` method here.\n        println!(\"Hmmm! I love chocolate!\");\n    }\n}\n\nlet x = Mouth;\nx.chocolate(); // ok!\n```\n"},"level":"error","spans":[{"file_name":"crates/shnn-async-runtime/tests/runtime_tests.rs","byte_start":669,"byte_end":679,"line_start":23,"line_end":23,"column_start":21,"column_end":31,"is_primary":true,"text":[{"text":"    assert!(runtime.is_running());","highlight_start":21,"highlight_end":31}],"label":"method not found in `SHNNRuntime`","suggested_replacement":null,"suggestion_applicability":null,"expansion":null}],"children":[],"rendered":"\u001b[1m\u001b[91merror[E0599]\u001b[0m\u001b[1m: no method named `is_running` found for struct `SHNNRuntime` in the current scope\u001b[0m\n  \u001b[1m\u001b[94m--> \u001b[0mcrates/shnn-async-runtime/tests/runtime_tests.rs:23:21\n   \u001b[1m\u001b[94m|\u001b[0m\n\u001b[1m\u001b[94m23\u001b[0m \u001b[1m\u001b[94m|\u001b[0m     assert!(runtime.is_running());\n   \u001b[1m\u001b[94m|\u001b[0m                     \u001b[1m\u001b[91m^^^^^^^^^^\u001b[0m \u001b[1m\u001b[91mmethod not found in `SHNNRuntime`\u001b[0m\n\n"}
{"$message_type":"diagnostic","message":"mismatched types","code":{"code":"E0308","explanation":"Expected type did not match the received type.\n\nErroneous code examples:\n\n```compile_fail,E0308\nfn plus_one(x: i32) -> i32 {\n    x + 1\n}\n\nplus_one(\"Not a number\");\n//       ^^^^^^^^^^^^^^ expected `i32`, found `&str`\n\nif \"Not a bool\" {\n// ^^^^^^^^^^^^ expected `bool`, found `&str`\n}\n\nlet x: f32 = \"Not a float\";\n//     ---   ^^^^^^^^^^^^^ expected `f32`, found `&str`\n//     |\n//     expected due to this\n```\n\nThis error occurs when an expression was used in a place where the compiler\nexpected an expression of a different type. It can occur in several cases, the\nmost common being when calling a function and passing an argument which has a\ndifferent type than the matching type in the function declaration.\n"},"level":"error","spans":[{"file_name":"crates/shnn-async-runtime/tests/runtime_tests.rs","byte_start":11202,"byte_end":11227,"line_start":360,"line_end":360,"column_start":20,"column_end":45,"is_primary":true,"text":[{"text":"    let sum = t1 + Duration::from_millis(50);","highlight_start":20,"highlight_end":45}],"label":"expected `SpikeTime`, found `Duration`","suggested_replacement":null,"suggestion_applicability":null,"expansion":null},{"file_name":"crates/shnn-async-runtime/tests/runtime_tests.rs","byte_start":11197,"byte_end":11199,"line_start":360,"line_end":360,"column_start":15,"column_end":17,"is_primary":false,"text":[{"text":"    let sum = t1 + Duration::from_millis(50);","highlight_start":15,"highlight_end":17}],"label":"expected because this is `SpikeTime`","suggested_replacement":null,"suggestion_applicability":null,"expansion":null}],"children":[],"rendered":"\u001b[1m\u001b[91merror[E0308]\u001b[0m\u001b[1m: mismatched types\u001b[0m\n   \u001b[1m\u001b[94m--> \u001b[0mcrates/shnn-async-runtime/tests/runtime_tests.rs:360:20\n    \u001b[1m\u001b[94m|\u001b[0m\n\u001b[1m\u001b[94m360\u001b[0m \u001b[1m\u001b[94m|\u001b[0m     let sum = t1 + Duration::from_millis(50);\n    \u001b[1m\u001b[94m|\u001b[0m               \u001b[1m\u001b[94m--\u001b[0m   \u001b[1m\u001b[91m^^^^^^^^^^^^^^^^^^^^^^^^^\u001b[0m \u001b[1m\u001b[91mexpected `SpikeTime`, found `Duration`\u001b[0m\n    \u001b[1m\u001b[94m|\u001b[0m               \u001b[1m\u001b[94m|\u001b[0m\n    \u001b[1m\u001b[94m|\u001b[0m               \u001b[1m\u001b[94mexpected because this is `SpikeTime`\u001b[0m\n\n"}
{"$message_type":"diagnostic","message":"variable `sum` is assigned to, but never used","code":{"code":"unused_variables","explanation":null},"level":"warning","spans":[{"file_name":"crates/shnn-async-runtime/tests/runtime_tests.rs","byte_start":8604,"byte_end":8611,"line_start":274,"line_end":274,"column_start":17,"column_end":24,"is_primary":true,"text":[{"text":"            let mut sum = 0u64;","highlight_start":17,"highlight_end":24}],"label":null,"suggested_replacement":null,"suggestion_applicability":null,"expansion":null}],"children":[{"message":"consider using `_sum` instead","code":null,"level":"note","spans":[],"children":[],"rendered":null},{"message":"`#[warn(unused_variables)]` (part of `#[warn(unused)]`) on by default","code":null,"level":"note","spans":[],"children":[],"rendered":null}],"rendered":"\u001b[1m\u001b[33mwarning\u001b[0m\u001b[1m: variable `sum` is assigned to, but never used\u001b[0m\n   \u001b[1m\u001b[94m--> \u001b[0mcrates/shnn-async-runtime/tests/runtime_tests.rs:274:17\n    \u001b[1m\u001b[94m|\u001b[0m\n\u001b[1m\u001b[94m274\u001b[0m \u001b[1m\u001b[94m|\u001b[0m             let mut sum = 0u64;\n    \u001b[1m\u001b[94m|\u001b[0m                 \u001b[1m\u001b[33m^^^^^^^\u001b[0m\n    \u001b[1m\u001b[94m|\u001b[0m\n    \u001b[1m\u001b[94m= \u001b[0m\u001b[1mnote\u001b[0m: consider using `_sum` instead\n    \u001b[1m\u001b[94m= \u001b[0m\u001b[1mnote\u001b[0m: `#[warn(unused_variables)]` (part of `#[warn(unused)]`) on by default\n\n"}
{"$message_type":"diagnostic","message":"value assigned to `sum` is never read","code":{"code":"unused_assignments","explanation":null},"level":"warning","spans":[{"file_name":"crates/shnn-async-runtime/tests/runtime_tests.rs","byte_start":8666,"byte_end":8674,"line_start":276,"line_end":276,"column_start":17,"column_end":25,"is_primary":true,"text":[{"text":"                sum += i;","highlight_start":17,"highlight_end":25}],"label":null,"suggested_replacement":null,"suggestion_applicability":null,"expansion":null}],"children":[{"message":"maybe it is overwritten before being read?","code":null,"level":"help","spans":[],"children":[],"rendered":null},{"message":"`#[warn(unused_assignments)]` (part of `#[warn(unused)]`) on by default","code":null,"level":"note","spans":[],"children":[],"rendered":null}],"rendered":"\u001b[1m\u001b[33mwarning\u001b[0m\u001b[1m: value assigned to `sum` is never read\u001b[0m\n   \u001b[1m\u001b[94m--> \u001b[0mcrates/shnn-async-runtime/tests/runtime_tests.rs:276:17\n    \u001b[1m\u001b[94m|\u001b[0m\n\u001b[1m\u001b[94m276\u001b[0m \u001b[1m\u001b[94m|\u001b[0m                 sum += i;\n    \u001b[1m\u001b[94m|\u001b[0m                 \u001b[1m\u001b[33m^^^^^^^^\u001b[0m\n    \u001b[1m\u001b[94m|\u001b[0m\n    \u001b[1m\u001b[94m= \u001b[0m\u001b[1mhelp\u001b[0m: maybe it is overwritten before being read?\n    \u001b[1m\u001b[94m= \u001b[0m\u001b[1mnote\u001b[0m: `#[warn(unused_assignments)]` (part of `#[warn(unused)]`) on by default\n\n"}
{"$message_type":"diagnostic","message":"aborting due to 6 previous errors; 3 warnings emitted","code":null,"level":"error","spans":[],"children":[],"rendered":"\u001b[1m\u001b[91merror\u001b[0m\u001b[1m: aborting due to 6 previous errors; 3 warnings emitted\u001b[0m\n\n"}
{"$message_type":"diagnostic","message":"Some errors have detailed explanations: E0308, E0432, E0599, E0603.","code":null,"level":"failure-note","spans":[],"children":[],"rendered":"\u001b[1mSome errors have detailed explanations: E0308, E0432, E0599, E0603.\u001b[0m\n"}
{"$message_type":"diagnostic","message":"For more information about an error, try `rustc --explain E0308`.","code":null,"level":"failure-note","spans":[],"children":[],"rendered":"\u001b[1mFor more information about an error, try `rustc --explain E0308`.\u001b[0m\n"}
