{"$message_type":"diagnostic","message":"unused import: `AtomicFloat`","code":{"code":"unused_imports","explanation":null},"level":"warning","spans":[{"file_name":"crates/shnn-lockfree/tests/lockfree_tests.rs","byte_start":258,"byte_end":269,"line_start":8,"line_end":8,"column_start":14,"column_end":25,"is_primary":true,"text":[{"text":"    atomic::{AtomicFloat, AtomicCounter, AtomicFlag},","highlight_start":14,"highlight_end":25}],"label":null,"suggested_replacement":null,"suggestion_applicability":null,"expansion":null}],"children":[{"message":"`#[warn(unused_imports)]` (part of `#[warn(unused)]`) on by default","code":null,"level":"note","spans":[],"children":[],"rendered":null},{"message":"remove the unused import","code":null,"level":"help","spans":[{"file_name":"crates/shnn-lockfree/tests/lockfree_tests.rs","byte_start":258,"byte_end":271,"line_start":8,"line_end":8,"column_start":14,"column_end":27,"is_primary":true,"text":[{"text":"    atomic::{AtomicFloat, AtomicCounter, AtomicFlag},","highlight_start":14,"highlight_end":27}],"label":null,"suggested_replacement":"","suggestion_applicability":"MachineApplicable","expansion":null}],"children":[],"rendered":null}],"rendered":"\u001b[1m\u001b[33mwarning\u001b[0m\u001b[1m: unused import: `AtomicFloat`\u001b[0m\n \u001b[1m\u001b[94m--> \u001b[0mcrates/shnn-lockfree/tests/lockfree_tests.rs:8:14\n  \u001b[1m\u001b[94m|\u001b[0m\n\u001b[1m\u001b[94m8\u001b[0m \u001b[1m\u001b[94m|\u001b[0m     atomic::{AtomicFloat, AtomicCounter, AtomicFlag},\n  \u001b[1m\u001b[94m|\u001b[0m              \u001b[1m\u001b[33m^^^^^^^^^^^\u001b[0m\n  \u001b[1m\u001b[94m|\u001b[0m\n  \u001b[1m\u001b[94m= \u001b[0m\u001b[1mnote\u001b[0m: `#[warn(unused_imports)]` (part of `#[warn(unused)]`) on by default\n\n"}
{"$message_type":"diagnostic","message":"mismatched types","code":{"code":"E0308","explanation":"Expected type did not match the received type.\n\nErroneous code examples:\n\n```compile_fail,E0308\nfn plus_one(x: i32) -> i32 {\n    x + 1\n}\n\nplus_one(\"Not a number\");\n//       ^^^^^^^^^^^^^^ expected `i32`, found `&str`\n\nif \"Not a bool\" {\n// ^^^^^^^^^^^^ expected `bool`, found `&str`\n}\n\nlet x: f32 = \"Not a float\";\n//     ---   ^^^^^^^^^^^^^ expected `f32`, found `&str`\n//     |\n//     expected due to this\n```\n\nThis error occurs when an expression was used in a place where the compiler\nexpected an expression of a different type. It can occur in several cases, the\nmost common being when calling a function and passing an argument which has a\ndifferent type than the matching type in the function declaration.\n"},"level":"error","spans":[{"file_name":"crates/shnn-lockfree/tests/lockfree_tests.rs","byte_start":6234,"byte_end":6240,"line_start":214,"line_end":214,"column_start":26,"column_end":32,"is_primary":true,"text":[{"text":"            handles.push(handle);","highlight_start":26,"highlight_end":32}],"label":"expected `JoinHandle<()>`, found `JoinHandle<{integer}>`","suggested_replacement":null,"suggestion_applicability":null,"expansion":null},{"file_name":"crates/shnn-lockfree/tests/lockfree_tests.rs","byte_start":6229,"byte_end":6233,"line_start":214,"line_end":214,"column_start":21,"column_end":25,"is_primary":false,"text":[{"text":"            handles.push(handle);","highlight_start":21,"highlight_end":25}],"label":"arguments to this method are incorrect","suggested_replacement":null,"suggestion_applicability":null,"expansion":null},{"file_name":"crates/shnn-lockfree/tests/lockfree_tests.rs","byte_start":5686,"byte_end":5692,"line_start":199,"line_end":199,"column_start":26,"column_end":32,"is_primary":false,"text":[{"text":"            handles.push(handle);","highlight_start":26,"highlight_end":32}],"label":"this argument has type `JoinHandle<()>`...","suggested_replacement":null,"suggestion_applicability":null,"expansion":null},{"file_name":"crates/shnn-lockfree/tests/lockfree_tests.rs","byte_start":5673,"byte_end":5680,"line_start":199,"line_end":199,"column_start":13,"column_end":20,"is_primary":false,"text":[{"text":"            handles.push(handle);","highlight_start":13,"highlight_end":20}],"label":"... which causes `handles` to have type `Vec<JoinHandle<()>>`","suggested_replacement":null,"suggestion_applicability":null,"expansion":null}],"children":[{"message":"expected struct `JoinHandle<()>`\n   found struct `JoinHandle<{integer}>`","code":null,"level":"note","spans":[],"children":[],"rendered":null},{"message":"method defined here","code":null,"level":"note","spans":[{"file_name":"/rustc/5c49c4f7c8393c861b849441d27f5d40e0f1e33b/library/alloc/src/vec/mod.rs","byte_start":37579,"byte_end":37583,"line_start":993,"line_end":993,"column_start":12,"column_end":16,"is_primary":true,"text":[],"label":null,"suggested_replacement":null,"suggestion_applicability":null,"expansion":null}],"children":[],"rendered":null}],"rendered":"\u001b[1m\u001b[91merror[E0308]\u001b[0m\u001b[1m: mismatched types\u001b[0m\n   \u001b[1m\u001b[94m--> \u001b[0mcrates/shnn-lockfree/tests/lockfree_tests.rs:214:26\n    \u001b[1m\u001b[94m|\u001b[0m\n\u001b[1m\u001b[94m199\u001b[0m \u001b[1m\u001b[94m|\u001b[0m             handles.push(handle);\n    \u001b[1m\u001b[94m|\u001b[0m             \u001b[1m\u001b[94m-------\u001b[0m      \u001b[1m\u001b[94m------\u001b[0m \u001b[1m\u001b[94mthis argument has type `JoinHandle<()>`...\u001b[0m\n    \u001b[1m\u001b[94m|\u001b[0m             \u001b[1m\u001b[94m|\u001b[0m\n    \u001b[1m\u001b[94m|\u001b[0m             \u001b[1m\u001b[94m... which causes `handles` to have type `Vec<JoinHandle<()>>`\u001b[0m\n\u001b[1m\u001b[94m...\u001b[0m\n\u001b[1m\u001b[94m214\u001b[0m \u001b[1m\u001b[94m|\u001b[0m             handles.push(handle);\n    \u001b[1m\u001b[94m|\u001b[0m                     \u001b[1m\u001b[94m----\u001b[0m \u001b[1m\u001b[91m^^^^^^\u001b[0m \u001b[1m\u001b[91mexpected `JoinHandle<()>`, found `JoinHandle<{integer}>`\u001b[0m\n    \u001b[1m\u001b[94m|\u001b[0m                     \u001b[1m\u001b[94m|\u001b[0m\n    \u001b[1m\u001b[94m|\u001b[0m                     \u001b[1m\u001b[94marguments to this method are incorrect\u001b[0m\n    \u001b[1m\u001b[94m|\u001b[0m\n    \u001b[1m\u001b[94m= \u001b[0m\u001b[1mnote\u001b[0m: expected struct `JoinHandle<\u001b[1m\u001b[35m()\u001b[0m>`\n               found struct `JoinHandle<\u001b[1m\u001b[35m{integer}\u001b[0m>`\n\u001b[1m\u001b[92mnote\u001b[0m: method defined here\n   \u001b[1m\u001b[94m--> \u001b[0m/rustc/5c49c4f7c8393c861b849441d27f5d40e0f1e33b/library/alloc/src/vec/mod.rs:993:11\n\n"}
{"$message_type":"diagnostic","message":"no method named `downcast` found for unit type `()` in the current scope","code":{"code":"E0599","explanation":"This error occurs when a method is used on a type which doesn't implement it:\n\nErroneous code example:\n\n```compile_fail,E0599\nstruct Mouth;\n\nlet x = Mouth;\nx.chocolate(); // error: no method named `chocolate` found for type `Mouth`\n               //        in the current scope\n```\n\nIn this case, you need to implement the `chocolate` method to fix the error:\n\n```\nstruct Mouth;\n\nimpl Mouth {\n    fn chocolate(&self) { // We implement the `chocolate` method here.\n        println!(\"Hmmm! I love chocolate!\");\n    }\n}\n\nlet x = Mouth;\nx.chocolate(); // ok!\n```\n"},"level":"error","spans":[{"file_name":"crates/shnn-lockfree/tests/lockfree_tests.rs","byte_start":6453,"byte_end":6461,"line_start":222,"line_end":222,"column_start":39,"column_end":47,"is_primary":true,"text":[{"text":"            if let Ok(count) = result.downcast::<usize>() {","highlight_start":39,"highlight_end":47}],"label":"method not found in `()`","suggested_replacement":null,"suggestion_applicability":null,"expansion":null}],"children":[],"rendered":"\u001b[1m\u001b[91merror[E0599]\u001b[0m\u001b[1m: no method named `downcast` found for unit type `()` in the current scope\u001b[0m\n   \u001b[1m\u001b[94m--> \u001b[0mcrates/shnn-lockfree/tests/lockfree_tests.rs:222:39\n    \u001b[1m\u001b[94m|\u001b[0m\n\u001b[1m\u001b[94m222\u001b[0m \u001b[1m\u001b[94m|\u001b[0m             if let Ok(count) = result.downcast::<usize>() {\n    \u001b[1m\u001b[94m|\u001b[0m                                       \u001b[1m\u001b[91m^^^^^^^^\u001b[0m \u001b[1m\u001b[91mmethod not found in `()`\u001b[0m\n\n"}
{"$message_type":"diagnostic","message":"aborting due to 2 previous errors; 1 warning emitted","code":null,"level":"error","spans":[],"children":[],"rendered":"\u001b[1m\u001b[91merror\u001b[0m\u001b[1m: aborting due to 2 previous errors; 1 warning emitted\u001b[0m\n\n"}
{"$message_type":"diagnostic","message":"Some errors have detailed explanations: E0308, E0599.","code":null,"level":"failure-note","spans":[],"children":[],"rendered":"\u001b[1mSome errors have detailed explanations: E0308, E0599.\u001b[0m\n"}
{"$message_type":"diagnostic","message":"For more information about an error, try `rustc --explain E0308`.","code":null,"level":"failure-note","spans":[],"children":[],"rendered":"\u001b[1mFor more information about an error, try `rustc --explain E0308`.\u001b[0m\n"}
